  Lab12.1_main.cpp
c:\users\irina\yandexdisk\подработки\программирование д.герман\2к.3с\lab12\lab12.1\lab12.1_main.cpp(12): warning C4244: 'argument': conversion from 'time_t' to 'unsigned int', possible loss of data
c:\users\irina\yandexdisk\подработки\программирование д.герман\2к.3с\lab12\lab12.1\lab12.1_main.cpp(17): warning C4244: 'initializing': conversion from 'int' to 'float', possible loss of data
c:\program files (x86)\microsoft visual studio 14.0\vc\include\utility(200): warning C4244: 'initializing': conversion from 'float' to 'int', possible loss of data
  c:\program files (x86)\microsoft visual studio 14.0\vc\include\xmemory0(737): note: see reference to function template instantiation 'std::pair<const _Kty,_Ty>::pair<int,float,void,0>(std::pair<int,float> &&) noexcept' being compiled
          with
          [
              _Kty=int,
              _Ty=int
          ]
  c:\program files (x86)\microsoft visual studio 14.0\vc\include\xmemory0(737): note: see reference to function template instantiation 'std::pair<const _Kty,_Ty>::pair<int,float,void,0>(std::pair<int,float> &&) noexcept' being compiled
          with
          [
              _Kty=int,
              _Ty=int
          ]
  c:\program files (x86)\microsoft visual studio 14.0\vc\include\xmemory0(857): note: see reference to function template instantiation 'void std::allocator<_Other>::construct<_Objty,_Ty>(_Objty *,_Ty &&)' being compiled
          with
          [
              _Other=std::_Tree_node<std::pair<const int,int>,void *>,
              _Objty=std::pair<const int,int>,
              _Ty=std::pair<int,float>
          ]
  c:\program files (x86)\microsoft visual studio 14.0\vc\include\xmemory0(857): note: see reference to function template instantiation 'void std::allocator<_Other>::construct<_Objty,_Ty>(_Objty *,_Ty &&)' being compiled
          with
          [
              _Other=std::_Tree_node<std::pair<const int,int>,void *>,
              _Objty=std::pair<const int,int>,
              _Ty=std::pair<int,float>
          ]
  c:\program files (x86)\microsoft visual studio 14.0\vc\include\xmemory0(996): note: see reference to function template instantiation 'void std::allocator_traits<_Alloc>::construct<_Ty,std::pair<int,float>>(std::allocator<_Other> &,_Objty *,std::pair<int,float> &&)' being compiled
          with
          [
              _Alloc=std::allocator<std::_Tree_node<std::pair<const int,int>,void *>>,
              _Ty=std::pair<const int,int>,
              _Other=std::_Tree_node<std::pair<const int,int>,void *>,
              _Objty=std::pair<const int,int>
          ]
  c:\program files (x86)\microsoft visual studio 14.0\vc\include\xmemory0(995): note: see reference to function template instantiation 'void std::allocator_traits<_Alloc>::construct<_Ty,std::pair<int,float>>(std::allocator<_Other> &,_Objty *,std::pair<int,float> &&)' being compiled
          with
          [
              _Alloc=std::allocator<std::_Tree_node<std::pair<const int,int>,void *>>,
              _Ty=std::pair<const int,int>,
              _Other=std::_Tree_node<std::pair<const int,int>,void *>,
              _Objty=std::pair<const int,int>
          ]
  c:\program files (x86)\microsoft visual studio 14.0\vc\include\xtree(889): note: see reference to function template instantiation 'void std::_Wrap_alloc<std::allocator<_Other>>::construct<_Ty,std::pair<int,float>>(_Ty *,std::pair<int,float> &&)' being compiled
          with
          [
              _Other=std::_Tree_node<std::pair<const int,int>,void *>,
              _Ty=std::pair<const int,int>
          ]
  c:\program files (x86)\microsoft visual studio 14.0\vc\include\xtree(887): note: see reference to function template instantiation 'void std::_Wrap_alloc<std::allocator<_Other>>::construct<_Ty,std::pair<int,float>>(_Ty *,std::pair<int,float> &&)' being compiled
          with
          [
              _Other=std::_Tree_node<std::pair<const int,int>,void *>,
              _Ty=std::pair<const int,int>
          ]
  c:\program files (x86)\microsoft visual studio 14.0\vc\include\xtree(1076): note: see reference to function template instantiation 'std::_Tree_node<std::pair<const _Kty,_Ty>,void *> *std::_Tree_comp_alloc<_Traits>::_Buynode<std::pair<int,float>>(std::pair<int,float> &&)' being compiled
          with
          [
              _Kty=int,
              _Ty=int,
              _Traits=std::_Tmap_traits<int,int,std::less<int>,std::allocator<std::pair<const int,int>>,false>
          ]
  c:\program files (x86)\microsoft visual studio 14.0\vc\include\xtree(1076): note: see reference to function template instantiation 'std::_Tree_node<std::pair<const _Kty,_Ty>,void *> *std::_Tree_comp_alloc<_Traits>::_Buynode<std::pair<int,float>>(std::pair<int,float> &&)' being compiled
          with
          [
              _Kty=int,
              _Ty=int,
              _Traits=std::_Tmap_traits<int,int,std::less<int>,std::allocator<std::pair<const int,int>>,false>
          ]
  c:\program files (x86)\microsoft visual studio 14.0\vc\include\map(194): note: see reference to function template instantiation 'std::pair<std::_Tree_iterator<std::_Tree_val<std::_Tree_simple_types<std::pair<const _Kty,_Ty>>>>,bool> std::_Tree<std::_Tmap_traits<_Kty,_Ty,_Pr,_Alloc,false>>::emplace<std::pair<int,float>>(std::pair<int,float> &&)' being compiled
          with
          [
              _Kty=int,
              _Ty=int,
              _Pr=std::less<int>,
              _Alloc=std::allocator<std::pair<const int,int>>
          ]
  c:\program files (x86)\microsoft visual studio 14.0\vc\include\map(194): note: see reference to function template instantiation 'std::pair<std::_Tree_iterator<std::_Tree_val<std::_Tree_simple_types<std::pair<const _Kty,_Ty>>>>,bool> std::_Tree<std::_Tmap_traits<_Kty,_Ty,_Pr,_Alloc,false>>::emplace<std::pair<int,float>>(std::pair<int,float> &&)' being compiled
          with
          [
              _Kty=int,
              _Ty=int,
              _Pr=std::less<int>,
              _Alloc=std::allocator<std::pair<const int,int>>
          ]
  c:\users\irina\yandexdisk\подработки\программирование д.герман\2к.3с\lab12\lab12.1\lab12.1_main.cpp(19): note: see reference to function template instantiation 'std::pair<std::_Tree_iterator<std::_Tree_val<std::_Tree_simple_types<std::pair<const _Kty,_Ty>>>>,bool> std::map<_Kty,_Ty,std::less<_Ty>,std::allocator<std::pair<const _Kty,_Ty>>>::insert<std::pair<int,float>,void>(_Valty &&)' being compiled
          with
          [
              _Kty=int,
              _Ty=int,
              _Valty=std::pair<int,float>
          ]
  c:\users\irina\yandexdisk\подработки\программирование д.герман\2к.3с\lab12\lab12.1\lab12.1_main.cpp(19): note: see reference to function template instantiation 'std::pair<std::_Tree_iterator<std::_Tree_val<std::_Tree_simple_types<std::pair<const _Kty,_Ty>>>>,bool> std::map<_Kty,_Ty,std::less<_Ty>,std::allocator<std::pair<const _Kty,_Ty>>>::insert<std::pair<int,float>,void>(_Valty &&)' being compiled
          with
          [
              _Kty=int,
              _Ty=int,
              _Valty=std::pair<int,float>
          ]
  Lab12.1.vcxproj -> C:\Users\Irina\YandexDisk\Подработки\Программирование Д.Герман\2к.3с\Lab12\Debug\Lab12.1.exe
  Lab12.1.vcxproj -> C:\Users\Irina\YandexDisk\Подработки\Программирование Д.Герман\2к.3с\Lab12\Debug\Lab12.1.pdb (Full PDB)
