  Lab11.5_main.cpp
c:\users\ois\yandexdisk\подработки\программирование д.герман\2к.3с\lab11\lab11.5\vector.h(141): warning C4018: <: несоответствие типов со знаком и без знака
  c:\users\ois\yandexdisk\подработки\программирование д.герман\2к.3с\lab11\lab11.5\vector.h(139): note: при компиляции функции-члена "<Нет данных>" класса <Нет данных>
  c:\users\ois\yandexdisk\подработки\программирование д.герман\2к.3с\lab11\lab11.5\lab11.5_main.cpp(31): note: см. ссылку на создание экземпляров функции шаблон при компиляции "void Vector<Time>::add(T)"
          with
          [
              T=Time
          ]
  c:\users\ois\yandexdisk\подработки\программирование д.герман\2к.3с\lab11\lab11.5\lab11.5_main.cpp(10): note: см. ссылку на создание экземпляров класса шаблон при компиляции "Vector<Time>"
c:\users\ois\yandexdisk\подработки\программирование д.герман\2к.3с\lab11\lab11.5\vector.h(42): warning C4018: <: несоответствие типов со знаком и без знака
  c:\users\ois\yandexdisk\подработки\программирование д.герман\2к.3с\lab11\lab11.5\vector.h(93): note: см. ссылку на создание экземпляров функции шаблон при компиляции "std::queue<T,std::deque<_Ty,std::allocator<_Ty>>> copy_vector_to_queue<T>(std::vector<_Ty,std::allocator<_Ty>>)"
          with
          [
              T=Time,
              _Ty=Time
          ]
  c:\users\ois\yandexdisk\подработки\программирование д.герман\2к.3с\lab11\lab11.5\vector.h(83): note: при компиляции функции-члена "<Нет данных>" класса <Нет данных>
  c:\users\ois\yandexdisk\подработки\программирование д.герман\2к.3с\lab11\lab11.5\lab11.5_main.cpp(11): note: см. ссылку на создание экземпляров функции шаблон при компиляции "void Vector<Time>::Print(void)"
  Lab11.5.vcxproj -> C:\Users\ois\YandexDisk\Подработки\Программирование Д.Герман\2к.3с\Lab11\Debug\Lab11.5.exe
  Lab11.5.vcxproj -> C:\Users\ois\YandexDisk\Подработки\Программирование Д.Герман\2к.3с\Lab11\Debug\Lab11.5.pdb (Full PDB)
