c:\users\ois\yandexdisk\подработки\программирование д.герман\lab9.1\lab9.2\debug\vc120.pdb
c:\users\ois\yandexdisk\подработки\программирование д.герман\lab9.1\lab9.2\debug\vc120.idb
c:\users\ois\yandexdisk\подработки\программирование д.герман\lab9.1\lab9.2\debug\main.obj
c:\users\ois\yandexdisk\подработки\программирование д.герман\lab9.1\lab9.2\debug\vector.obj
c:\users\cool_\desktop\2 семестр\основы алгоритмизации и програмирования\lab9\lab9.2\debug\vc142.pdb
c:\users\cool_\desktop\2 семестр\основы алгоритмизации и програмирования\lab9\lab9.2\debug\vc142.idb
c:\users\cool_\desktop\2 семестр\основы алгоритмизации и програмирования\lab9\lab9.2\debug\vector.obj
c:\users\cool_\desktop\2 семестр\основы алгоритмизации и програмирования\lab9\lab9.2\debug\main.obj
c:\users\ois\yandexdisk\подработки\программирование д.герман\lab9.1\debug\lab9.2.ilk
c:\users\ois\yandexdisk\подработки\программирование д.герман\lab9.1\debug\lab9.2.exe
c:\users\ois\yandexdisk\подработки\программирование д.герман\lab9.1\debug\lab9.2.pdb
c:\users\cool_\desktop\2 семестр\основы алгоритмизации и програмирования\lab9\debug\lab9.2.ilk
c:\users\cool_\desktop\2 семестр\основы алгоритмизации и програмирования\lab9\debug\lab9.2.exe
c:\users\cool_\desktop\2 семестр\основы алгоритмизации и програмирования\lab9\debug\lab9.2.pdb
c:\users\cool_\desktop\2 семестр\основы алгоритмизации и програмирования\lab9\lab9.2\debug\vc120.idb
c:\users\cool_\desktop\2 семестр\основы алгоритмизации и програмирования\lab9\lab9.2\debug\vc120.pdb
c:\users\cool_\desktop\2 семестр\основы алгоритмизации и програмирования\lab9\lab9.2\debug\lab9.2.tlog\cl.command.1.tlog
c:\users\cool_\desktop\2 семестр\основы алгоритмизации и програмирования\lab9\lab9.2\debug\lab9.2.tlog\cl.read.1.tlog
c:\users\cool_\desktop\2 семестр\основы алгоритмизации и програмирования\lab9\lab9.2\debug\lab9.2.tlog\cl.write.1.tlog
c:\users\cool_\desktop\2 семестр\основы алгоритмизации и програмирования\lab9\lab9.2\debug\lab9.2.tlog\link.command.1.tlog
c:\users\cool_\desktop\2 семестр\основы алгоритмизации и програмирования\lab9\lab9.2\debug\lab9.2.tlog\link.delete.1.tlog
c:\users\cool_\desktop\2 семестр\основы алгоритмизации и програмирования\lab9\lab9.2\debug\lab9.2.tlog\link.read.1.tlog
c:\users\cool_\desktop\2 семестр\основы алгоритмизации и програмирования\lab9\lab9.2\debug\lab9.2.tlog\link.write.1.tlog
