  Lab11.3_main.cpp
c:\users\ois\yandexdisk\подработки\программирование д.герман\2к.3с\lab11\lab11.3\vector.h(55): warning C4018: <: несоответствие типов со знаком и без знака
  c:\users\ois\yandexdisk\подработки\программирование д.герман\2к.3с\lab11\lab11.3\vector.h(54): note: при компиляции функции-члена "<Нет данных>" класса <Нет данных>
  c:\users\ois\yandexdisk\подработки\программирование д.герман\2к.3с\lab11\lab11.3\lab11.3_main.cpp(10): note: см. ссылку на создание экземпляров функции шаблон при компиляции "void Vector<Time>::Print(void)"
  c:\users\ois\yandexdisk\подработки\программирование д.герман\2к.3с\lab11\lab11.3\lab11.3_main.cpp(9): note: см. ссылку на создание экземпляров класса шаблон при компиляции "Vector<Time>"
c:\users\ois\yandexdisk\подработки\программирование д.герман\2к.3с\lab11\lab11.3\vector.h(65): warning C4018: <: несоответствие типов со знаком и без знака
  c:\users\ois\yandexdisk\подработки\программирование д.герман\2к.3с\lab11\lab11.3\vector.h(63): note: при компиляции функции-члена "<Нет данных>" класса <Нет данных>
  c:\users\ois\yandexdisk\подработки\программирование д.герман\2к.3с\lab11\lab11.3\lab11.3_main.cpp(28): note: см. ссылку на создание экземпляров функции шаблон при компиляции "Time Vector<Time>::Srednee(void)"
c:\users\ois\yandexdisk\подработки\программирование д.герман\2к.3с\lab11\lab11.3\vector.h(75): warning C4018: <: несоответствие типов со знаком и без знака
  c:\users\ois\yandexdisk\подработки\программирование д.герман\2к.3с\lab11\lab11.3\vector.h(73): note: при компиляции функции-члена "<Нет данных>" класса <Нет данных>
  c:\users\ois\yandexdisk\подработки\программирование д.герман\2к.3с\lab11\lab11.3\lab11.3_main.cpp(13): note: см. ссылку на создание экземпляров функции шаблон при компиляции "Time Vector<Time>::find_max(void)"
c:\users\ois\yandexdisk\подработки\программирование д.герман\2к.3с\lab11\lab11.3\vector.h(95): warning C4018: <: несоответствие типов со знаком и без знака
  c:\users\ois\yandexdisk\подработки\программирование д.герман\2к.3с\lab11\lab11.3\vector.h(92): note: при компиляции функции-члена "<Нет данных>" класса <Нет данных>
  c:\users\ois\yandexdisk\подработки\программирование д.герман\2к.3с\lab11\lab11.3\lab11.3_main.cpp(23): note: см. ссылку на создание экземпляров функции шаблон при компиляции "void Vector<Time>::Del(T)"
          with
          [
              T=Time
          ]
c:\users\ois\yandexdisk\подработки\программирование д.герман\2к.3с\lab11\lab11.3\vector.h(85): warning C4018: <: несоответствие типов со знаком и без знака
  c:\users\ois\yandexdisk\подработки\программирование д.герман\2к.3с\lab11\lab11.3\vector.h(84): note: при компиляции функции-члена "<Нет данных>" класса <Нет данных>
  c:\users\ois\yandexdisk\подработки\программирование д.герман\2к.3с\lab11\lab11.3\lab11.3_main.cpp(30): note: см. ссылку на создание экземпляров функции шаблон при компиляции "void Vector<Time>::Add(T)"
          with
          [
              T=Time
          ]
  Lab11.3.vcxproj -> C:\Users\ois\YandexDisk\Подработки\Программирование Д.Герман\2к.3с\Lab11\Debug\Lab11.3.exe
  Lab11.3.vcxproj -> C:\Users\ois\YandexDisk\Подработки\Программирование Д.Герман\2к.3с\Lab11\Debug\Lab11.3.pdb (Full PDB)
