c:\users\irina\yandexdisk\лабы мише 2017г\lab8\lab8\debug\vc140.pdb
c:\users\irina\yandexdisk\лабы мише 2017г\lab8\lab8\debug\vc140.idb
c:\users\irina\yandexdisk\лабы мише 2017г\lab8\lab8\debug\dialog.obj
c:\users\irina\yandexdisk\лабы мише 2017г\lab8\lab8\debug\lab8_main.obj
c:\users\irina\yandexdisk\лабы мише 2017г\lab8\lab8\debug\object.obj
c:\users\irina\yandexdisk\лабы мише 2017г\lab8\lab8\debug\print.obj
c:\users\irina\yandexdisk\лабы мише 2017г\lab8\lab8\debug\magazin.obj
c:\users\irina\yandexdisk\лабы мише 2017г\lab8\lab8\debug\vector.obj
c:\users\irina\yandexdisk\лабы мише 2017г\lab8\debug\lab8.ilk
c:\users\irina\yandexdisk\лабы мише 2017г\lab8\debug\lab8.exe
c:\users\irina\yandexdisk\лабы мише 2017г\lab8\debug\lab8.pdb
c:\users\irina\yandexdisk\подработки\программирование д.герман\lab8\lab8\debug\dialog.obj
c:\users\irina\yandexdisk\подработки\программирование д.герман\lab8\lab8\debug\lab8_main.obj
c:\users\irina\yandexdisk\подработки\программирование д.герман\lab8\lab8\debug\magazin.obj
c:\users\irina\yandexdisk\подработки\программирование д.герман\lab8\lab8\debug\object.obj
c:\users\irina\yandexdisk\подработки\программирование д.герман\lab8\lab8\debug\print.obj
c:\users\irina\yandexdisk\подработки\программирование д.герман\lab8\lab8\debug\vector.obj
c:\users\irina\yandexdisk\подработки\программирование д.герман\lab8\lab8\debug\vc140.idb
c:\users\irina\yandexdisk\подработки\программирование д.герман\lab8\lab8\debug\vc140.pdb
c:\users\irina\yandexdisk\подработки\программирование д.герман\lab8\debug\lab8.pdb
c:\users\irina\yandexdisk\подработки\программирование д.герман\lab8\debug\lab8.exe
c:\users\irina\yandexdisk\подработки\программирование д.герман\lab8\debug\lab8.ilk
c:\users\irina\yandexdisk\подработки\программирование д.герман\lab8\lab8\debug\lab8.tlog\cl.command.1.tlog
c:\users\irina\yandexdisk\подработки\программирование д.герман\lab8\lab8\debug\lab8.tlog\cl.read.1.tlog
c:\users\irina\yandexdisk\подработки\программирование д.герман\lab8\lab8\debug\lab8.tlog\cl.write.1.tlog
c:\users\irina\yandexdisk\подработки\программирование д.герман\lab8\lab8\debug\lab8.tlog\link.command.1.tlog
c:\users\irina\yandexdisk\подработки\программирование д.герман\lab8\lab8\debug\lab8.tlog\link.read.1.tlog
c:\users\irina\yandexdisk\подработки\программирование д.герман\lab8\lab8\debug\lab8.tlog\link.write.1.tlog
